<?xml version="1.0" encoding="utf-8"?><testsuites name="pytest tests"><testsuite name="pytest" errors="4" failures="0" skipped="0" tests="47" time="12.198" timestamp="2026-03-05T19:24:26.903683+00:00" hostname="agent-env-4af07664-e3b0-43b8-b673-823fc9b85e3d"><testcase classname="backend.tests.test_api.TestHealthAndPublicEndpoints" name="test_health_check" time="0.145" /><testcase classname="backend.tests.test_api.TestHealthAndPublicEndpoints" name="test_products_list" time="0.451" /><testcase classname="backend.tests.test_api.TestHealthAndPublicEndpoints" name="test_public_services" time="0.476" /><testcase classname="backend.tests.test_api.TestWhatsAppAuthProtection" name="test_whatsapp_settings_get_requires_auth" time="0.142" /><testcase classname="backend.tests.test_api.TestWhatsAppAuthProtection" name="test_whatsapp_settings_put_requires_auth" time="0.124" /><testcase classname="backend.tests.test_api.TestWhatsAppAuthProtection" name="test_whatsapp_test_requires_auth" time="0.118" /><testcase classname="backend.tests.test_api.TestCashRegisterAuthProtection" name="test_cash_register_current_requires_auth" time="0.111" /><testcase classname="backend.tests.test_api.TestCashRegisterAuthProtection" name="test_cash_register_open_requires_auth" time="0.113" /><testcase classname="backend.tests.test_api.TestCashRegisterAuthProtection" name="test_cash_register_close_requires_auth" time="0.123" /><testcase classname="backend.tests.test_api.TestAppointmentAuthProtection" name="test_appointments_list_requires_auth" time="0.126" /><testcase classname="backend.tests.test_api.TestAppointmentAuthProtection" name="test_appointment_confirm_requires_auth" time="0.126" /><testcase classname="backend.tests.test_api.TestAppointmentAuthProtection" name="test_appointment_cancel_requires_auth" time="0.134" /><testcase classname="backend.tests.test_api.TestAppointmentAuthProtection" name="test_appointment_complete_requires_auth" time="0.110" /><testcase classname="backend.tests.test_api.TestProductSalesAuthProtection" name="test_product_sell_requires_auth" time="0.111" /><testcase classname="backend.tests.test_api.TestProductSalesAuthProtection" name="test_product_sales_list_requires_auth" time="0.109" /><testcase classname="backend.tests.test_api.TestProductSalesAuthProtection" name="test_product_sales_summary_requires_auth" time="0.152" /><testcase classname="backend.tests.test_api.TestPublicBookingEndpoints" name="test_available_slots_valid_date" time="0.530" /><testcase classname="backend.tests.test_api.TestPublicBookingEndpoints" name="test_available_slots_past_date" time="0.134" /><testcase classname="backend.tests.test_api.TestPublicBookingEndpoints" name="test_available_slots_invalid_format" time="0.116" /><testcase classname="backend.tests.test_api.TestPublicBookingEndpoints" name="test_public_book_missing_fields" time="0.115" /><testcase classname="backend.tests.test_api.TestPublicBookingEndpoints" name="test_public_book_invalid_service" time="0.458" /><testcase classname="backend.tests.test_api.TestAuthEndpoints" name="test_auth_me_requires_auth" time="0.134" /><testcase classname="backend.tests.test_api.TestAuthEndpoints" name="test_auth_logout_requires_auth" time="0.109" /><testcase classname="backend.tests.test_api.TestAuthEndpoints" name="test_auth_promote_requires_auth" time="0.116" /><testcase classname="backend.tests.test_api.TestServiceEndpoints" name="test_services_list" time="0.427" /><testcase classname="backend.tests.test_api.TestServiceEndpoints" name="test_service_create_requires_auth" time="0.100" /><testcase classname="backend.tests.test_api.TestProductEndpoints" name="test_products_list" time="0.439" /><testcase classname="backend.tests.test_api.TestProductEndpoints" name="test_product_by_id" time="0.889" /><testcase classname="backend.tests.test_api.TestProductEndpoints" name="test_product_not_found" time="0.439" /><testcase classname="backend.tests.test_api.TestProductEndpoints" name="test_product_create_requires_auth" time="0.125" /><testcase classname="backend.tests.test_api.TestProductEndpoints" name="test_product_update_requires_auth" time="0.128" /><testcase classname="backend.tests.test_api.TestProductEndpoints" name="test_product_delete_requires_auth" time="0.123" /><testcase classname="backend.tests.test_api_advanced.TestAuthenticatedEndpointsWithToken" name="test_cannot_access_protected_without_token" time="0.432" /><testcase classname="backend.tests.test_api_advanced.TestResponseStructures" name="test_products_response_structure" time="0.481" /><testcase classname="backend.tests.test_api_advanced.TestResponseStructures" name="test_services_response_structure" time="0.440" /><testcase classname="backend.tests.test_api_advanced.TestResponseStructures" name="test_public_services_response_structure" time="0.423" /><testcase classname="backend.tests.test_api_advanced.TestResponseStructures" name="test_available_slots_response_structure" time="0.511" /><testcase classname="backend.tests.test_api_advanced.TestPublicBookingValidation" name="test_book_with_short_name" time="0.572" /><testcase classname="backend.tests.test_api_advanced.TestPublicBookingValidation" name="test_book_with_short_phone" time="0.574" /><testcase classname="backend.tests.test_api_advanced.TestPublicBookingValidation" name="test_book_with_past_time" time="0.873" /><testcase classname="backend.tests.test_api_advanced.TestErrorResponses" name="test_404_response_format" time="0.445" /><testcase classname="backend.tests.test_api_advanced.TestErrorResponses" name="test_401_response_format" time="0.147" /><testcase classname="backend.tests.test_api_advanced.TestErrorResponses" name="test_422_response_format" time="0.154" /><testcase classname="backend.tests.test_appointment_actions" name="test_appointment_actions" time="0.000"><error message="failed on setup with &quot;file /app/backend/tests/test_appointment_actions.py, line 75&#10;  def test_appointment_actions(token, appointment_id):&#10;E       fixture 'token' not found&#10;&gt;       available fixtures: anyio_backend, anyio_backend_name, anyio_backend_options, cache, capfd, capfdbinary, caplog, capsys, capsysbinary, capteesys, doctest_namespace, free_tcp_port, free_tcp_port_factory, free_udp_port, free_udp_port_factory, monkeypatch, pytestconfig, record_property, record_testsuite_property, record_xml_attribute, recwarn, subtests, tmp_path, tmp_path_factory, tmpdir, tmpdir_factory&#10;&gt;       use 'pytest --fixtures [testpath]' for help on them.&#10;&#10;/app/backend/tests/test_appointment_actions.py:75&quot;">file /app/backend/tests/test_appointment_actions.py, line 75
  def test_appointment_actions(token, appointment_id):
E       fixture 'token' not found
&gt;       available fixtures: anyio_backend, anyio_backend_name, anyio_backend_options, cache, capfd, capfdbinary, caplog, capsys, capsysbinary, capteesys, doctest_namespace, free_tcp_port, free_tcp_port_factory, free_udp_port, free_udp_port_factory, monkeypatch, pytestconfig, record_property, record_testsuite_property, record_xml_attribute, recwarn, subtests, tmp_path, tmp_path_factory, tmpdir, tmpdir_factory
&gt;       use 'pytest --fixtures [testpath]' for help on them.

/app/backend/tests/test_appointment_actions.py:75</error></testcase><testcase classname="backend.tests.test_appointment_actions" name="test_cancel_appointment" time="0.000"><error message="failed on setup with &quot;file /app/backend/tests/test_appointment_actions.py, line 125&#10;  def test_cancel_appointment(token, appointment_id):&#10;E       fixture 'token' not found&#10;&gt;       available fixtures: anyio_backend, anyio_backend_name, anyio_backend_options, cache, capfd, capfdbinary, caplog, capsys, capsysbinary, capteesys, doctest_namespace, free_tcp_port, free_tcp_port_factory, free_udp_port, free_udp_port_factory, monkeypatch, pytestconfig, record_property, record_testsuite_property, record_xml_attribute, recwarn, subtests, tmp_path, tmp_path_factory, tmpdir, tmpdir_factory&#10;&gt;       use 'pytest --fixtures [testpath]' for help on them.&#10;&#10;/app/backend/tests/test_appointment_actions.py:125&quot;">file /app/backend/tests/test_appointment_actions.py, line 125
  def test_cancel_appointment(token, appointment_id):
E       fixture 'token' not found
&gt;       available fixtures: anyio_backend, anyio_backend_name, anyio_backend_options, cache, capfd, capfdbinary, caplog, capsys, capsysbinary, capteesys, doctest_namespace, free_tcp_port, free_tcp_port_factory, free_udp_port, free_udp_port_factory, monkeypatch, pytestconfig, record_property, record_testsuite_property, record_xml_attribute, recwarn, subtests, tmp_path, tmp_path_factory, tmpdir, tmpdir_factory
&gt;       use 'pytest --fixtures [testpath]' for help on them.

/app/backend/tests/test_appointment_actions.py:125</error></testcase><testcase classname="backend.tests.test_authenticated" name="test_authenticated_endpoints" time="0.000"><error message="failed on setup with &quot;file /app/backend/tests/test_authenticated.py, line 81&#10;  def test_authenticated_endpoints(token):&#10;E       fixture 'token' not found&#10;&gt;       available fixtures: anyio_backend, anyio_backend_name, anyio_backend_options, cache, capfd, capfdbinary, caplog, capsys, capsysbinary, capteesys, doctest_namespace, free_tcp_port, free_tcp_port_factory, free_udp_port, free_udp_port_factory, monkeypatch, pytestconfig, record_property, record_testsuite_property, record_xml_attribute, recwarn, subtests, tmp_path, tmp_path_factory, tmpdir, tmpdir_factory&#10;&gt;       use 'pytest --fixtures [testpath]' for help on them.&#10;&#10;/app/backend/tests/test_authenticated.py:81&quot;">file /app/backend/tests/test_authenticated.py, line 81
  def test_authenticated_endpoints(token):
E       fixture 'token' not found
&gt;       available fixtures: anyio_backend, anyio_backend_name, anyio_backend_options, cache, capfd, capfdbinary, caplog, capsys, capsysbinary, capteesys, doctest_namespace, free_tcp_port, free_tcp_port_factory, free_udp_port, free_udp_port_factory, monkeypatch, pytestconfig, record_property, record_testsuite_property, record_xml_attribute, recwarn, subtests, tmp_path, tmp_path_factory, tmpdir, tmpdir_factory
&gt;       use 'pytest --fixtures [testpath]' for help on them.

/app/backend/tests/test_authenticated.py:81</error></testcase><testcase classname="backend.tests.test_cash_register" name="test_cash_register_flow" time="0.000"><error message="failed on setup with &quot;file /app/backend/tests/test_cash_register.py, line 37&#10;  def test_cash_register_flow(token):&#10;E       fixture 'token' not found&#10;&gt;       available fixtures: anyio_backend, anyio_backend_name, anyio_backend_options, cache, capfd, capfdbinary, caplog, capsys, capsysbinary, capteesys, doctest_namespace, free_tcp_port, free_tcp_port_factory, free_udp_port, free_udp_port_factory, monkeypatch, pytestconfig, record_property, record_testsuite_property, record_xml_attribute, recwarn, subtests, tmp_path, tmp_path_factory, tmpdir, tmpdir_factory&#10;&gt;       use 'pytest --fixtures [testpath]' for help on them.&#10;&#10;/app/backend/tests/test_cash_register.py:37&quot;">file /app/backend/tests/test_cash_register.py, line 37
  def test_cash_register_flow(token):
E       fixture 'token' not found
&gt;       available fixtures: anyio_backend, anyio_backend_name, anyio_backend_options, cache, capfd, capfdbinary, caplog, capsys, capsysbinary, capteesys, doctest_namespace, free_tcp_port, free_tcp_port_factory, free_udp_port, free_udp_port_factory, monkeypatch, pytestconfig, record_property, record_testsuite_property, record_xml_attribute, recwarn, subtests, tmp_path, tmp_path_factory, tmpdir, tmpdir_factory
&gt;       use 'pytest --fixtures [testpath]' for help on them.

/app/backend/tests/test_cash_register.py:37</error></testcase></testsuite></testsuites>