<?xml version="1.0" encoding="utf-8"?><testsuites name="pytest tests"><testsuite name="pytest" errors="0" failures="0" skipped="0" tests="37" time="27.206" timestamp="2026-03-08T13:11:54.031301+00:00" hostname="agent-env-4af07664-e3b0-43b8-b673-823fc9b85e3d"><testcase classname="tests.test_promotions_photos.TestHealthCheck" name="test_health_endpoint" time="0.278" /><testcase classname="tests.test_promotions_photos.TestPromotionsCRUD" name="test_01_public_list_promotions" time="0.466" /><testcase classname="tests.test_promotions_photos.TestPromotionsCRUD" name="test_02_all_promotions_requires_auth" time="0.102" /><testcase classname="tests.test_promotions_photos.TestPromotionsCRUD" name="test_03_all_promotions_with_auth" time="1.589" /><testcase classname="tests.test_promotions_photos.TestPromotionsCRUD" name="test_04_create_promotion_requires_auth" time="0.100" /><testcase classname="tests.test_promotions_photos.TestPromotionsCRUD" name="test_05_create_promotion_with_auth" time="0.915" /><testcase classname="tests.test_promotions_photos.TestPromotionsCRUD" name="test_06_create_promotion_minimal" time="0.873" /><testcase classname="tests.test_promotions_photos.TestPromotionsCRUD" name="test_07_verify_promotion_in_all_list" time="0.554" /><testcase classname="tests.test_promotions_photos.TestPromotionsCRUD" name="test_08_verify_active_promotion_in_public_list" time="0.431" /><testcase classname="tests.test_promotions_photos.TestPromotionsCRUD" name="test_09_update_promotion_requires_auth" time="0.123" /><testcase classname="tests.test_promotions_photos.TestPromotionsCRUD" name="test_10_update_promotion_title" time="0.638" /><testcase classname="tests.test_promotions_photos.TestPromotionsCRUD" name="test_11_update_promotion_discount" time="0.585" /><testcase classname="tests.test_promotions_photos.TestPromotionsCRUD" name="test_12_verify_update_persisted" time="0.604" /><testcase classname="tests.test_promotions_photos.TestPromotionsCRUD" name="test_13_toggle_promotion_inactive" time="0.597" /><testcase classname="tests.test_promotions_photos.TestPromotionsCRUD" name="test_14_inactive_not_in_public_list" time="0.488" /><testcase classname="tests.test_promotions_photos.TestPromotionsCRUD" name="test_15_inactive_still_in_all_list" time="0.552" /><testcase classname="tests.test_promotions_photos.TestPromotionsCRUD" name="test_16_toggle_promotion_active" time="0.612" /><testcase classname="tests.test_promotions_photos.TestPromotionsCRUD" name="test_17_active_back_in_public_list" time="0.438" /><testcase classname="tests.test_promotions_photos.TestPromotionsCRUD" name="test_18_delete_promotion_requires_auth" time="0.130" /><testcase classname="tests.test_promotions_photos.TestPromotionsCRUD" name="test_19_delete_promotion" time="0.600" /><testcase classname="tests.test_promotions_photos.TestPromotionsCRUD" name="test_20_deleted_not_in_any_list" time="0.957" /><testcase classname="tests.test_promotions_photos.TestPromotionsCRUD" name="test_21_update_nonexistent_promotion" time="0.546" /><testcase classname="tests.test_promotions_photos.TestPromotionsCRUD" name="test_22_delete_nonexistent_promotion" time="0.526" /><testcase classname="tests.test_promotions_photos.TestPromotionsCRUD" name="test_23_cleanup_minimal_promo" time="0.586" /><testcase classname="tests.test_promotions_photos.TestServicePhotosCRUD" name="test_01_get_photos_public" time="0.903" /><testcase classname="tests.test_promotions_photos.TestServicePhotosCRUD" name="test_02_upload_photo_requires_auth" time="0.101" /><testcase classname="tests.test_promotions_photos.TestServicePhotosCRUD" name="test_03_upload_photo_with_auth" time="0.848" /><testcase classname="tests.test_promotions_photos.TestServicePhotosCRUD" name="test_04_upload_photo_no_caption" time="0.839" /><testcase classname="tests.test_promotions_photos.TestServicePhotosCRUD" name="test_05_verify_photo_in_list" time="0.429" /><testcase classname="tests.test_promotions_photos.TestServicePhotosCRUD" name="test_06_get_photos_nonexistent_service" time="0.436" /><testcase classname="tests.test_promotions_photos.TestServicePhotosCRUD" name="test_07_delete_photo_requires_auth" time="0.109" /><testcase classname="tests.test_promotions_photos.TestServicePhotosCRUD" name="test_08_delete_photo" time="0.590" /><testcase classname="tests.test_promotions_photos.TestServicePhotosCRUD" name="test_09_verify_deleted_not_in_list" time="0.449" /><testcase classname="tests.test_promotions_photos.TestServicePhotosCRUD" name="test_10_delete_nonexistent_photo" time="0.534" /><testcase classname="tests.test_promotions_photos.TestServicePhotosCRUD" name="test_11_cleanup_no_caption_photo" time="0.601" /><testcase classname="tests.test_promotions_photos.TestPromotionsFullFlow" name="test_full_promotion_flow" time="4.736" /><testcase classname="tests.test_promotions_photos.TestServicePhotosFullFlow" name="test_full_photo_flow" time="3.235" /></testsuite></testsuites>