<?xml version="1.0" encoding="utf-8"?><testsuites name="pytest tests"><testsuite name="pytest" errors="0" failures="0" skipped="0" tests="19" time="12.332" timestamp="2026-04-13T22:09:15.069308+00:00" hostname="agent-env-bf96fa2b-b506-4011-bffa-c8358bd28745"><testcase classname="tests.test_iteration11_notifications.TestHealthCheck" name="test_health_returns_200" time="0.203" /><testcase classname="tests.test_iteration11_notifications.TestWebPush" name="test_vapid_public_key_returns_key" time="0.139" /><testcase classname="tests.test_iteration11_notifications.TestWebPush" name="test_subscribe_requires_auth" time="0.120" /><testcase classname="tests.test_iteration11_notifications.TestWebPush" name="test_subscribe_with_auth" time="0.592" /><testcase classname="tests.test_iteration11_notifications.TestWebPush" name="test_unsubscribe_with_auth" time="0.559" /><testcase classname="tests.test_iteration11_notifications.TestEvolutionAPI" name="test_evolution_status_requires_barber_auth" time="0.146" /><testcase classname="tests.test_iteration11_notifications.TestEvolutionAPI" name="test_evolution_status_with_barber_auth" time="0.524" /><testcase classname="tests.test_iteration11_notifications.TestEvolutionAPI" name="test_evolution_setup_requires_barber_auth" time="0.104" /><testcase classname="tests.test_iteration11_notifications.TestEvolutionAPI" name="test_evolution_setup_with_barber_auth" time="0.526" /><testcase classname="tests.test_iteration11_notifications.TestEvolutionAPI" name="test_evolution_graceful_handling_no_config" time="0.508" /><testcase classname="tests.test_iteration11_notifications.TestWebClientServing" name="test_web_client_html" time="0.118" /><testcase classname="tests.test_iteration11_notifications.TestWebClientServing" name="test_web_client_service_worker" time="0.115" /><testcase classname="tests.test_iteration11_notifications.TestWebClientServing" name="test_web_client_assets" time="0.214" /><testcase classname="tests.test_iteration11_notifications.TestBarbershopPublicInfo" name="test_public_info_no_auth" time="0.439" /><testcase classname="tests.test_iteration11_notifications.TestAppointmentsNotifications" name="test_create_appointment_triggers_notification" time="1.483" /><testcase classname="tests.test_iteration11_notifications.TestAppointmentsNotifications" name="test_confirm_appointment_triggers_notification" time="2.121" /><testcase classname="tests.test_iteration11_notifications.TestAppointmentsNotifications" name="test_cancel_appointment_triggers_notification" time="2.005" /><testcase classname="tests.test_iteration11_notifications.TestSendReminders" name="test_send_reminders_endpoint" time="0.485" /><testcase classname="tests.test_iteration11_notifications.TestPublicBookingNotification" name="test_public_booking_triggers_notification" time="1.858" /></testsuite></testsuites>