<?xml version="1.0" encoding="utf-8"?><testsuites name="pytest tests"><testsuite name="pytest" errors="0" failures="0" skipped="0" tests="23" time="10.933" timestamp="2026-03-13T18:36:16.044769+00:00" hostname="agent-env-090e9c98-e06d-4617-bd72-b5d047db6dac"><testcase classname="backend.tests.test_whatsapp_phone.TestWhatsAppSettings" name="test_get_settings_requires_auth" time="0.328" /><testcase classname="backend.tests.test_whatsapp_phone.TestWhatsAppSettings" name="test_get_settings_returns_correct_structure" time="0.762" /><testcase classname="backend.tests.test_whatsapp_phone.TestWhatsAppStatus" name="test_status_requires_auth" time="0.166" /><testcase classname="backend.tests.test_whatsapp_phone.TestWhatsAppStatus" name="test_status_not_configured_when_no_pat" time="0.691" /><testcase classname="backend.tests.test_whatsapp_phone.TestWhatsAppSetup" name="test_setup_requires_auth" time="0.207" /><testcase classname="backend.tests.test_whatsapp_phone.TestWhatsAppSetup" name="test_setup_rejects_invalid_api_key" time="0.877" /><testcase classname="backend.tests.test_whatsapp_phone.TestWhatsAppSetup" name="test_setup_requires_api_key_field" time="0.590" /><testcase classname="backend.tests.test_whatsapp_phone.TestWhatsAppSettingsUpdate" name="test_update_settings_requires_auth" time="0.166" /><testcase classname="backend.tests.test_whatsapp_phone.TestWhatsAppSettingsUpdate" name="test_update_business_phone" time="0.687" /><testcase classname="backend.tests.test_whatsapp_phone.TestWhatsAppSettingsUpdate" name="test_update_is_active" time="0.581" /><testcase classname="backend.tests.test_whatsapp_phone.TestUpdatePhone" name="test_update_phone_requires_auth" time="0.193" /><testcase classname="backend.tests.test_whatsapp_phone.TestUpdatePhone" name="test_update_phone_success" time="0.971" /><testcase classname="backend.tests.test_whatsapp_phone.TestUpdatePhone" name="test_update_phone_rejects_invalid_short" time="0.538" /><testcase classname="backend.tests.test_whatsapp_phone.TestUpdatePhone" name="test_update_phone_rejects_empty" time="0.617" /><testcase classname="backend.tests.test_whatsapp_phone.TestAuthMe" name="test_auth_me_returns_phone_field" time="0.728" /><testcase classname="backend.tests.test_whatsapp_phone.TestWhatsAppConnect" name="test_connect_requires_auth" time="0.117" /><testcase classname="backend.tests.test_whatsapp_phone.TestWhatsAppConnect" name="test_connect_requires_session_configured" time="0.666" /><testcase classname="backend.tests.test_whatsapp_phone.TestWhatsAppQRCode" name="test_qrcode_requires_auth" time="0.164" /><testcase classname="backend.tests.test_whatsapp_phone.TestWhatsAppQRCode" name="test_qrcode_error_when_no_session" time="0.675" /><testcase classname="backend.tests.test_whatsapp_phone.TestWhatsAppTestMessage" name="test_test_message_requires_auth" time="0.196" /><testcase classname="backend.tests.test_whatsapp_phone.TestWhatsAppTestMessage" name="test_test_message_rejects_when_not_connected" time="0.620" /><testcase classname="backend.tests.test_whatsapp_phone.TestAdditionalEndpoints" name="test_disconnect_requires_auth" time="0.152" /><testcase classname="backend.tests.test_whatsapp_phone.TestAdditionalEndpoints" name="test_create_session_requires_auth" time="0.128" /></testsuite></testsuites>