<?xml version="1.0" encoding="utf-8"?><testsuites name="pytest tests"><testsuite name="pytest" errors="0" failures="0" skipped="0" tests="43" time="11.693" timestamp="2026-03-05T19:24:44.129490+00:00" hostname="agent-env-4af07664-e3b0-43b8-b673-823fc9b85e3d"><testcase classname="backend.tests.test_api.TestHealthAndPublicEndpoints" name="test_health_check" time="0.125" /><testcase classname="backend.tests.test_api.TestHealthAndPublicEndpoints" name="test_products_list" time="0.438" /><testcase classname="backend.tests.test_api.TestHealthAndPublicEndpoints" name="test_public_services" time="0.498" /><testcase classname="backend.tests.test_api.TestWhatsAppAuthProtection" name="test_whatsapp_settings_get_requires_auth" time="0.115" /><testcase classname="backend.tests.test_api.TestWhatsAppAuthProtection" name="test_whatsapp_settings_put_requires_auth" time="0.121" /><testcase classname="backend.tests.test_api.TestWhatsAppAuthProtection" name="test_whatsapp_test_requires_auth" time="0.109" /><testcase classname="backend.tests.test_api.TestCashRegisterAuthProtection" name="test_cash_register_current_requires_auth" time="0.135" /><testcase classname="backend.tests.test_api.TestCashRegisterAuthProtection" name="test_cash_register_open_requires_auth" time="0.103" /><testcase classname="backend.tests.test_api.TestCashRegisterAuthProtection" name="test_cash_register_close_requires_auth" time="0.125" /><testcase classname="backend.tests.test_api.TestAppointmentAuthProtection" name="test_appointments_list_requires_auth" time="0.098" /><testcase classname="backend.tests.test_api.TestAppointmentAuthProtection" name="test_appointment_confirm_requires_auth" time="0.124" /><testcase classname="backend.tests.test_api.TestAppointmentAuthProtection" name="test_appointment_cancel_requires_auth" time="0.103" /><testcase classname="backend.tests.test_api.TestAppointmentAuthProtection" name="test_appointment_complete_requires_auth" time="0.133" /><testcase classname="backend.tests.test_api.TestProductSalesAuthProtection" name="test_product_sell_requires_auth" time="0.113" /><testcase classname="backend.tests.test_api.TestProductSalesAuthProtection" name="test_product_sales_list_requires_auth" time="0.123" /><testcase classname="backend.tests.test_api.TestProductSalesAuthProtection" name="test_product_sales_summary_requires_auth" time="0.136" /><testcase classname="backend.tests.test_api.TestPublicBookingEndpoints" name="test_available_slots_valid_date" time="0.466" /><testcase classname="backend.tests.test_api.TestPublicBookingEndpoints" name="test_available_slots_past_date" time="0.115" /><testcase classname="backend.tests.test_api.TestPublicBookingEndpoints" name="test_available_slots_invalid_format" time="0.112" /><testcase classname="backend.tests.test_api.TestPublicBookingEndpoints" name="test_public_book_missing_fields" time="0.116" /><testcase classname="backend.tests.test_api.TestPublicBookingEndpoints" name="test_public_book_invalid_service" time="0.419" /><testcase classname="backend.tests.test_api.TestAuthEndpoints" name="test_auth_me_requires_auth" time="0.115" /><testcase classname="backend.tests.test_api.TestAuthEndpoints" name="test_auth_logout_requires_auth" time="0.104" /><testcase classname="backend.tests.test_api.TestAuthEndpoints" name="test_auth_promote_requires_auth" time="0.120" /><testcase classname="backend.tests.test_api.TestServiceEndpoints" name="test_services_list" time="0.445" /><testcase classname="backend.tests.test_api.TestServiceEndpoints" name="test_service_create_requires_auth" time="0.105" /><testcase classname="backend.tests.test_api.TestProductEndpoints" name="test_products_list" time="0.421" /><testcase classname="backend.tests.test_api.TestProductEndpoints" name="test_product_by_id" time="0.861" /><testcase classname="backend.tests.test_api.TestProductEndpoints" name="test_product_not_found" time="0.415" /><testcase classname="backend.tests.test_api.TestProductEndpoints" name="test_product_create_requires_auth" time="0.101" /><testcase classname="backend.tests.test_api.TestProductEndpoints" name="test_product_update_requires_auth" time="0.105" /><testcase classname="backend.tests.test_api.TestProductEndpoints" name="test_product_delete_requires_auth" time="0.148" /><testcase classname="backend.tests.test_api_advanced.TestAuthenticatedEndpointsWithToken" name="test_cannot_access_protected_without_token" time="0.374" /><testcase classname="backend.tests.test_api_advanced.TestResponseStructures" name="test_products_response_structure" time="0.429" /><testcase classname="backend.tests.test_api_advanced.TestResponseStructures" name="test_services_response_structure" time="0.438" /><testcase classname="backend.tests.test_api_advanced.TestResponseStructures" name="test_public_services_response_structure" time="0.451" /><testcase classname="backend.tests.test_api_advanced.TestResponseStructures" name="test_available_slots_response_structure" time="0.506" /><testcase classname="backend.tests.test_api_advanced.TestPublicBookingValidation" name="test_book_with_short_name" time="0.548" /><testcase classname="backend.tests.test_api_advanced.TestPublicBookingValidation" name="test_book_with_short_phone" time="0.520" /><testcase classname="backend.tests.test_api_advanced.TestPublicBookingValidation" name="test_book_with_past_time" time="0.886" /><testcase classname="backend.tests.test_api_advanced.TestErrorResponses" name="test_404_response_format" time="0.416" /><testcase classname="backend.tests.test_api_advanced.TestErrorResponses" name="test_401_response_format" time="0.113" /><testcase classname="backend.tests.test_api_advanced.TestErrorResponses" name="test_422_response_format" time="0.173" /></testsuite></testsuites>