<?xml version="1.0" encoding="utf-8"?><testsuites name="pytest tests"><testsuite name="pytest" errors="0" failures="0" skipped="0" tests="11" time="4.997" timestamp="2026-03-05T19:22:28.201936+00:00" hostname="agent-env-4af07664-e3b0-43b8-b673-823fc9b85e3d"><testcase classname="backend.tests.test_api_advanced.TestAuthenticatedEndpointsWithToken" name="test_cannot_access_protected_without_token" time="0.438" /><testcase classname="backend.tests.test_api_advanced.TestResponseStructures" name="test_products_response_structure" time="0.420" /><testcase classname="backend.tests.test_api_advanced.TestResponseStructures" name="test_services_response_structure" time="0.477" /><testcase classname="backend.tests.test_api_advanced.TestResponseStructures" name="test_public_services_response_structure" time="0.436" /><testcase classname="backend.tests.test_api_advanced.TestResponseStructures" name="test_available_slots_response_structure" time="0.486" /><testcase classname="backend.tests.test_api_advanced.TestPublicBookingValidation" name="test_book_with_short_name" time="0.553" /><testcase classname="backend.tests.test_api_advanced.TestPublicBookingValidation" name="test_book_with_short_phone" time="0.532" /><testcase classname="backend.tests.test_api_advanced.TestPublicBookingValidation" name="test_book_with_past_time" time="0.858" /><testcase classname="backend.tests.test_api_advanced.TestErrorResponses" name="test_404_response_format" time="0.477" /><testcase classname="backend.tests.test_api_advanced.TestErrorResponses" name="test_401_response_format" time="0.152" /><testcase classname="backend.tests.test_api_advanced.TestErrorResponses" name="test_422_response_format" time="0.106" /></testsuite></testsuites>