<?xml version="1.0" encoding="utf-8"?><testsuites name="pytest tests"><testsuite name="pytest" errors="0" failures="0" skipped="0" tests="26" time="9.496" timestamp="2026-04-22T13:11:13.696677+00:00" hostname="agent-env-bf96fa2b-b506-4011-bffa-c8358bd28745"><testcase classname="backend.tests.test_iteration12_new_features.TestHealthAndBasicEndpoints" name="test_health_check" time="0.134" /><testcase classname="backend.tests.test_iteration12_new_features.TestHealthAndBasicEndpoints" name="test_root_endpoint" time="0.109" /><testcase classname="backend.tests.test_iteration12_new_features.TestGoogleOAuth" name="test_get_google_client_id" time="0.151" /><testcase classname="backend.tests.test_iteration12_new_features.TestGoogleOAuth" name="test_google_auth_invalid_token" time="0.217" /><testcase classname="backend.tests.test_iteration12_new_features.TestMercadoPagoPayments" name="test_create_pix_no_mp_token" time="0.520" /><testcase classname="backend.tests.test_iteration12_new_features.TestMercadoPagoPayments" name="test_create_pix_no_auth" time="0.122" /><testcase classname="backend.tests.test_iteration12_new_features.TestMercadoPagoPayments" name="test_payment_status_no_mp_token" time="0.110" /><testcase classname="backend.tests.test_iteration12_new_features.TestMercadoPagoPayments" name="test_mercadopago_webhook" time="0.155" /><testcase classname="backend.tests.test_iteration12_new_features.TestMercadoPagoPayments" name="test_mercadopago_webhook_invalid_json" time="0.121" /><testcase classname="backend.tests.test_iteration12_new_features.TestFinancialReports" name="test_financial_summary_no_auth" time="0.111" /><testcase classname="backend.tests.test_iteration12_new_features.TestFinancialReports" name="test_financial_summary_client_auth" time="0.534" /><testcase classname="backend.tests.test_iteration12_new_features.TestFinancialReports" name="test_financial_summary_barber_auth" time="0.706" /><testcase classname="backend.tests.test_iteration12_new_features.TestFinancialReports" name="test_financial_summary_with_months_param" time="0.698" /><testcase classname="backend.tests.test_iteration12_new_features.TestBarbershopAndSupabaseStorage" name="test_barbershop_public_info" time="0.436" /><testcase classname="backend.tests.test_iteration12_new_features.TestBarbershopAndSupabaseStorage" name="test_barbershop_mine_no_auth" time="0.133" /><testcase classname="backend.tests.test_iteration12_new_features.TestBarbershopAndSupabaseStorage" name="test_barbershop_mine_barber_auth" time="0.532" /><testcase classname="backend.tests.test_iteration12_new_features.TestBarbershopAndSupabaseStorage" name="test_barbershop_logo_upload_no_auth" time="0.106" /><testcase classname="backend.tests.test_iteration12_new_features.TestBarbershopAndSupabaseStorage" name="test_barbershop_logo_upload_endpoint_exists" time="1.431" /><testcase classname="backend.tests.test_iteration12_new_features.TestWebPushAndWebClient" name="test_vapid_public_key" time="0.162" /><testcase classname="backend.tests.test_iteration12_new_features.TestWebPushAndWebClient" name="test_web_client_serves" time="0.116" /><testcase classname="backend.tests.test_iteration12_new_features.TestMultiTenantIsolation" name="test_services_have_barbershop_id" time="0.415" /><testcase classname="backend.tests.test_iteration12_new_features.TestMultiTenantIsolation" name="test_products_have_barbershop_id" time="0.438" /><testcase classname="backend.tests.test_iteration12_new_features.TestMultiTenantIsolation" name="test_appointments_have_barbershop_id" time="0.578" /><testcase classname="backend.tests.test_iteration12_new_features.TestExistingEndpointsStillWork" name="test_auth_me" time="0.484" /><testcase classname="backend.tests.test_iteration12_new_features.TestExistingEndpointsStillWork" name="test_public_services" time="0.415" /><testcase classname="backend.tests.test_iteration12_new_features.TestExistingEndpointsStillWork" name="test_public_available_slots" time="0.473" /></testsuite></testsuites>