<?xml version="1.0" encoding="utf-8"?><testsuites name="pytest tests"><testsuite name="pytest" errors="0" failures="0" skipped="0" tests="9" time="7.576" timestamp="2026-03-15T01:21:23.529018+00:00" hostname="agent-env-090e9c98-e06d-4617-bd72-b5d047db6dac"><testcase classname="backend.tests.test_client_email.TestPublicBookingWithEmail" name="test_book_with_email_returns_201" time="1.203" /><testcase classname="backend.tests.test_client_email.TestPublicBookingWithEmail" name="test_book_without_email_returns_201" time="1.003" /><testcase classname="backend.tests.test_client_email.TestPublicBookingWithEmail" name="test_book_with_null_email_returns_201" time="0.959" /><testcase classname="backend.tests.test_client_email.TestAppointmentsListWithEmail" name="test_list_appointments_includes_email_field" time="0.648" /><testcase classname="backend.tests.test_client_email.TestAppointmentsListWithEmail" name="test_appointments_have_expected_fields" time="0.683" /><testcase classname="backend.tests.test_client_email.TestAppointmentFilterByEmail" name="test_barber_sees_all_appointments" time="0.665" /><testcase classname="backend.tests.test_client_email.TestAppointmentFilterByEmail" name="test_appointments_without_trailing_slash_redirects" time="0.155" /><testcase classname="backend.tests.test_client_email.TestBookingEmailPersistence" name="test_created_booking_email_persists" time="1.713" /><testcase classname="backend.tests.test_client_email.TestPublicServicesEndpoint" name="test_get_public_services" time="0.482" /></testsuite></testsuites>