<?xml version="1.0" encoding="utf-8"?><testsuites name="pytest tests"><testsuite name="pytest" errors="0" failures="0" skipped="0" tests="13" time="15.886" timestamp="2026-03-12T18:10:18.311277+00:00" hostname="agent-env-090e9c98-e06d-4617-bd72-b5d047db6dac"><testcase classname="backend.tests.test_product_image.TestProductImageFeature" name="test_get_products_returns_image_url_field" time="0.551" /><testcase classname="backend.tests.test_product_image.TestProductImageFeature" name="test_get_single_product_returns_image_url" time="0.479" /><testcase classname="backend.tests.test_product_image.TestProductImageFeature" name="test_upload_image_rejects_unauthenticated" time="0.109" /><testcase classname="backend.tests.test_product_image.TestProductImageFeature" name="test_upload_image_with_auth_success" time="0.530" /><testcase classname="backend.tests.test_product_image.TestProductImageFeature" name="test_static_file_serving" time="1.213" /><testcase classname="backend.tests.test_product_image.TestProductImageFeature" name="test_create_product_with_image_url" time="2.079" /><testcase classname="backend.tests.test_product_image.TestProductImageFeature" name="test_create_product_without_image_url" time="1.598" /><testcase classname="backend.tests.test_product_image.TestProductImageFeature" name="test_update_product_image_url" time="3.626" /><testcase classname="backend.tests.test_product_image.TestProductImageFeature" name="test_update_product_remove_image_url" time="3.244" /><testcase classname="backend.tests.test_product_image.TestProductImageFeature" name="test_upload_image_with_data_uri_prefix" time="0.552" /><testcase classname="backend.tests.test_product_image.TestProductImageEdgeCases" name="test_upload_invalid_base64" time="0.524" /><testcase classname="backend.tests.test_product_image.TestProductImageEdgeCases" name="test_upload_empty_image_data" time="0.740" /><testcase classname="backend.tests.test_product_image.TestProductImageEdgeCases" name="test_nonexistent_product_update" time="0.569" /></testsuite></testsuites>