<?xml version="1.0" encoding="utf-8"?><testsuites name="pytest tests"><testsuite name="pytest" errors="0" failures="0" skipped="0" tests="32" time="7.779" timestamp="2026-03-05T19:21:48.692980+00:00" hostname="agent-env-4af07664-e3b0-43b8-b673-823fc9b85e3d"><testcase classname="backend.tests.test_api.TestHealthAndPublicEndpoints" name="test_health_check" time="0.278" /><testcase classname="backend.tests.test_api.TestHealthAndPublicEndpoints" name="test_products_list" time="0.482" /><testcase classname="backend.tests.test_api.TestHealthAndPublicEndpoints" name="test_public_services" time="0.443" /><testcase classname="backend.tests.test_api.TestWhatsAppAuthProtection" name="test_whatsapp_settings_get_requires_auth" time="0.119" /><testcase classname="backend.tests.test_api.TestWhatsAppAuthProtection" name="test_whatsapp_settings_put_requires_auth" time="0.109" /><testcase classname="backend.tests.test_api.TestWhatsAppAuthProtection" name="test_whatsapp_test_requires_auth" time="0.103" /><testcase classname="backend.tests.test_api.TestCashRegisterAuthProtection" name="test_cash_register_current_requires_auth" time="0.115" /><testcase classname="backend.tests.test_api.TestCashRegisterAuthProtection" name="test_cash_register_open_requires_auth" time="0.209" /><testcase classname="backend.tests.test_api.TestCashRegisterAuthProtection" name="test_cash_register_close_requires_auth" time="0.111" /><testcase classname="backend.tests.test_api.TestAppointmentAuthProtection" name="test_appointments_list_requires_auth" time="0.105" /><testcase classname="backend.tests.test_api.TestAppointmentAuthProtection" name="test_appointment_confirm_requires_auth" time="0.129" /><testcase classname="backend.tests.test_api.TestAppointmentAuthProtection" name="test_appointment_cancel_requires_auth" time="0.137" /><testcase classname="backend.tests.test_api.TestAppointmentAuthProtection" name="test_appointment_complete_requires_auth" time="0.129" /><testcase classname="backend.tests.test_api.TestProductSalesAuthProtection" name="test_product_sell_requires_auth" time="0.104" /><testcase classname="backend.tests.test_api.TestProductSalesAuthProtection" name="test_product_sales_list_requires_auth" time="0.128" /><testcase classname="backend.tests.test_api.TestProductSalesAuthProtection" name="test_product_sales_summary_requires_auth" time="0.133" /><testcase classname="backend.tests.test_api.TestPublicBookingEndpoints" name="test_available_slots_valid_date" time="0.542" /><testcase classname="backend.tests.test_api.TestPublicBookingEndpoints" name="test_available_slots_past_date" time="0.114" /><testcase classname="backend.tests.test_api.TestPublicBookingEndpoints" name="test_available_slots_invalid_format" time="0.286" /><testcase classname="backend.tests.test_api.TestPublicBookingEndpoints" name="test_public_book_missing_fields" time="0.111" /><testcase classname="backend.tests.test_api.TestPublicBookingEndpoints" name="test_public_book_invalid_service" time="0.476" /><testcase classname="backend.tests.test_api.TestAuthEndpoints" name="test_auth_me_requires_auth" time="0.109" /><testcase classname="backend.tests.test_api.TestAuthEndpoints" name="test_auth_logout_requires_auth" time="0.135" /><testcase classname="backend.tests.test_api.TestAuthEndpoints" name="test_auth_promote_requires_auth" time="0.116" /><testcase classname="backend.tests.test_api.TestServiceEndpoints" name="test_services_list" time="0.473" /><testcase classname="backend.tests.test_api.TestServiceEndpoints" name="test_service_create_requires_auth" time="0.126" /><testcase classname="backend.tests.test_api.TestProductEndpoints" name="test_products_list" time="0.470" /><testcase classname="backend.tests.test_api.TestProductEndpoints" name="test_product_by_id" time="0.973" /><testcase classname="backend.tests.test_api.TestProductEndpoints" name="test_product_not_found" time="0.450" /><testcase classname="backend.tests.test_api.TestProductEndpoints" name="test_product_create_requires_auth" time="0.160" /><testcase classname="backend.tests.test_api.TestProductEndpoints" name="test_product_update_requires_auth" time="0.205" /><testcase classname="backend.tests.test_api.TestProductEndpoints" name="test_product_delete_requires_auth" time="0.119" /></testsuite></testsuites>