<?xml version="1.0" encoding="utf-8"?><testsuites name="pytest tests"><testsuite name="pytest" errors="0" failures="0" skipped="0" tests="23" time="24.102" timestamp="2026-03-18T18:02:18.554933+00:00" hostname="agent-env-3c496122-80bf-4396-9286-2b376ab8bca9"><testcase classname="backend.tests.test_iteration9_features.TestHealthEndpoint" name="test_health_returns_healthy" time="0.554" /><testcase classname="backend.tests.test_iteration9_features.TestClientsEndpoint" name="test_clients_requires_auth" time="0.487" /><testcase classname="backend.tests.test_iteration9_features.TestClientsEndpoint" name="test_clients_returns_list_with_barber_auth" time="2.012" /><testcase classname="backend.tests.test_iteration9_features.TestUpdatePhoneWithBirthDate" name="test_update_phone_requires_auth" time="0.446" /><testcase classname="backend.tests.test_iteration9_features.TestUpdatePhoneWithBirthDate" name="test_update_phone_only" time="2.633" /><testcase classname="backend.tests.test_iteration9_features.TestUpdatePhoneWithBirthDate" name="test_update_birth_date_only" time="2.802" /><testcase classname="backend.tests.test_iteration9_features.TestUpdatePhoneWithBirthDate" name="test_update_phone_and_birth_date_together" time="1.116" /><testcase classname="backend.tests.test_iteration9_features.TestUpdatePhoneWithBirthDate" name="test_update_phone_rejects_invalid_birth_date" time="0.620" /><testcase classname="backend.tests.test_iteration9_features.TestUpdatePhoneWithBirthDate" name="test_update_phone_rejects_invalid_phone" time="0.636" /><testcase classname="backend.tests.test_iteration9_features.TestPublicBooking" name="test_public_book_creates_appointment" time="0.646" /><testcase classname="backend.tests.test_iteration9_features.TestPublicBooking" name="test_public_book_returns_booking_confirmation" time="1.030" /><testcase classname="backend.tests.test_iteration9_features.TestWhatsAppSetup" name="test_whatsapp_setup_requires_auth" time="0.145" /><testcase classname="backend.tests.test_iteration9_features.TestWhatsAppSetup" name="test_whatsapp_setup_saves_key_and_validates" time="1.431" /><testcase classname="backend.tests.test_iteration9_features.TestWhatsAppSettings" name="test_whatsapp_settings_requires_auth" time="0.222" /><testcase classname="backend.tests.test_iteration9_features.TestWhatsAppSettings" name="test_whatsapp_settings_returns_correct_structure" time="0.685" /><testcase classname="backend.tests.test_iteration9_features.TestAppointmentActions" name="test_confirm_appointment_requires_auth" time="0.159" /><testcase classname="backend.tests.test_iteration9_features.TestAppointmentActions" name="test_cancel_appointment_requires_auth" time="0.130" /><testcase classname="backend.tests.test_iteration9_features.TestAppointmentActions" name="test_complete_appointment_requires_auth" time="0.178" /><testcase classname="backend.tests.test_iteration9_features.TestAppointmentActions" name="test_confirm_appointment_with_auth" time="1.853" /><testcase classname="backend.tests.test_iteration9_features.TestAppointmentActions" name="test_cancel_appointment_with_auth" time="1.815" /><testcase classname="backend.tests.test_iteration9_features.TestAppointmentActions" name="test_complete_appointment_with_auth" time="2.934" /><testcase classname="backend.tests.test_iteration9_features.TestAppointmentActions" name="test_confirm_nonexistent_appointment" time="0.749" /><testcase classname="backend.tests.test_iteration9_features.TestGetAuthMe" name="test_auth_me_returns_user_with_fields" time="0.614" /></testsuite></testsuites>