<?xml version="1.0" encoding="utf-8"?><testsuites name="pytest tests"><testsuite name="pytest" errors="0" failures="0" skipped="1" tests="40" time="22.521" timestamp="2026-03-05T20:16:05.989270+00:00" hostname="agent-env-4af07664-e3b0-43b8-b673-823fc9b85e3d"><testcase classname="tests.test_loyalty_promotions_reports.TestHealthCheck" name="test_health_returns_200" time="0.248" /><testcase classname="tests.test_loyalty_promotions_reports.TestLoyaltyConfig" name="test_loyalty_config_requires_auth" time="0.120" /><testcase classname="tests.test_loyalty_promotions_reports.TestLoyaltyConfig" name="test_loyalty_config_get_creates_default" time="1.498" /><testcase classname="tests.test_loyalty_promotions_reports.TestLoyaltyConfig" name="test_loyalty_config_update" time="2.279" /><testcase classname="tests.test_loyalty_promotions_reports.TestLoyaltyClients" name="test_loyalty_clients_requires_auth" time="0.111" /><testcase classname="tests.test_loyalty_promotions_reports.TestLoyaltyClients" name="test_loyalty_clients_list" time="0.551" /><testcase classname="tests.test_loyalty_promotions_reports.TestLoyaltyPublicLookup" name="test_loyalty_client_lookup_nonexistent" time="0.445" /><testcase classname="tests.test_loyalty_promotions_reports.TestLoyaltyPublicLookup" name="test_loyalty_client_history_nonexistent" time="0.441" /><testcase classname="tests.test_loyalty_promotions_reports.TestLoyaltyFullFlow" name="test_01_add_points_manual" time="0.666" /><testcase classname="tests.test_loyalty_promotions_reports.TestLoyaltyFullFlow" name="test_02_check_balance_after_add" time="0.490" /><testcase classname="tests.test_loyalty_promotions_reports.TestLoyaltyFullFlow" name="test_03_add_more_points_to_reach_threshold" time="0.677" /><testcase classname="tests.test_loyalty_promotions_reports.TestLoyaltyFullFlow" name="test_04_check_history_shows_transactions" time="0.464" /><testcase classname="tests.test_loyalty_promotions_reports.TestLoyaltyFullFlow" name="test_05_redeem_points" time="0.713" /><testcase classname="tests.test_loyalty_promotions_reports.TestLoyaltyFullFlow" name="test_06_check_balance_after_redeem" time="0.497" /><testcase classname="tests.test_loyalty_promotions_reports.TestLoyaltyFullFlow" name="test_07_redeem_insufficient_points_fails" time="0.582" /><testcase classname="tests.test_loyalty_promotions_reports.TestPromotionsCRUD" name="test_01_promotions_list_public" time="0.439" /><testcase classname="tests.test_loyalty_promotions_reports.TestPromotionsCRUD" name="test_02_promotions_all_requires_auth" time="0.109" /><testcase classname="tests.test_loyalty_promotions_reports.TestPromotionsCRUD" name="test_03_create_promotion" time="0.887" /><testcase classname="tests.test_loyalty_promotions_reports.TestPromotionsCRUD" name="test_04_verify_promotion_in_list" time="0.436" /><testcase classname="tests.test_loyalty_promotions_reports.TestPromotionsCRUD" name="test_05_promotions_all_shows_barber_promos" time="0.577" /><testcase classname="tests.test_loyalty_promotions_reports.TestPromotionsCRUD" name="test_06_update_promotion" time="0.618" /><testcase classname="tests.test_loyalty_promotions_reports.TestPromotionsCRUD" name="test_07_update_nonexistent_promotion_fails" time="0.560" /><testcase classname="tests.test_loyalty_promotions_reports.TestPromotionsCRUD" name="test_08_delete_promotion" time="0.604" /><testcase classname="tests.test_loyalty_promotions_reports.TestPromotionsCRUD" name="test_09_delete_nonexistent_fails" time="0.558" /><testcase classname="tests.test_loyalty_promotions_reports.TestFinancialReports" name="test_reports_financial_requires_auth" time="0.137" /><testcase classname="tests.test_loyalty_promotions_reports.TestFinancialReports" name="test_reports_financial_day" time="0.716" /><testcase classname="tests.test_loyalty_promotions_reports.TestFinancialReports" name="test_reports_financial_week" time="0.739" /><testcase classname="tests.test_loyalty_promotions_reports.TestFinancialReports" name="test_reports_financial_month" time="0.764" /><testcase classname="tests.test_loyalty_promotions_reports.TestTopServicesReport" name="test_top_services_requires_auth" time="0.120" /><testcase classname="tests.test_loyalty_promotions_reports.TestTopServicesReport" name="test_top_services_returns_ranking" time="0.556" /><testcase classname="tests.test_loyalty_promotions_reports.TestDailyBreakdownReport" name="test_daily_breakdown_requires_auth" time="0.121" /><testcase classname="tests.test_loyalty_promotions_reports.TestDailyBreakdownReport" name="test_daily_breakdown_returns_7_days" time="0.939" /><testcase classname="tests.test_loyalty_promotions_reports.TestServicePhotos" name="test_01_service_photos_public_get" time="0.454" /><testcase classname="tests.test_loyalty_promotions_reports.TestServicePhotos" name="test_02_upload_photo_requires_auth" time="0.126" /><testcase classname="tests.test_loyalty_promotions_reports.TestServicePhotos" name="test_03_upload_photo" time="0.888" /><testcase classname="tests.test_loyalty_promotions_reports.TestServicePhotos" name="test_04_verify_photo_in_list" time="0.438" /><testcase classname="tests.test_loyalty_promotions_reports.TestServicePhotos" name="test_05_delete_photo_requires_auth" time="0.129" /><testcase classname="tests.test_loyalty_promotions_reports.TestServicePhotos" name="test_06_delete_photo" time="0.596" /><testcase classname="tests.test_loyalty_promotions_reports.TestServicePhotos" name="test_07_delete_nonexistent_fails" time="0.556" /><testcase classname="tests.test_loyalty_promotions_reports.TestAppointmentCompleteLoyalty" name="test_complete_appointment_awards_points" time="0.573"><skipped type="pytest.skip" message="No pending appointments to complete">/app/backend/tests/test_loyalty_promotions_reports.py:537: No pending appointments to complete</skipped></testcase></testsuite></testsuites>