<?xml version="1.0" encoding="utf-8"?><testsuites name="pytest tests"><testsuite name="pytest" errors="0" failures="0" skipped="0" tests="18" time="11.680" timestamp="2026-03-20T00:48:10.884804+00:00" hostname="agent-env-3c496122-80bf-4396-9286-2b376ab8bca9"><testcase classname="backend.tests.test_iteration10_barbershop.TestHealthCheck" name="test_health_endpoint" time="0.185" /><testcase classname="backend.tests.test_iteration10_barbershop.TestBarbershopCRUD" name="test_get_public_info_no_auth" time="0.492" /><testcase classname="backend.tests.test_iteration10_barbershop.TestBarbershopCRUD" name="test_get_my_barbershop_no_auth" time="0.126" /><testcase classname="backend.tests.test_iteration10_barbershop.TestBarbershopCRUD" name="test_get_my_barbershop_with_auth" time="0.620" /><testcase classname="backend.tests.test_iteration10_barbershop.TestBarbershopCRUD" name="test_create_barbershop_already_exists" time="0.602" /><testcase classname="backend.tests.test_iteration10_barbershop.TestBarbershopCRUD" name="test_update_barbershop_no_auth" time="0.153" /><testcase classname="backend.tests.test_iteration10_barbershop.TestBarbershopCRUD" name="test_update_barbershop_name" time="1.565" /><testcase classname="backend.tests.test_iteration10_barbershop.TestBarbershopCRUD" name="test_update_barbershop_phone_address" time="1.586" /><testcase classname="backend.tests.test_iteration10_barbershop.TestBarbershopCRUD" name="test_public_info_reflects_update" time="1.502" /><testcase classname="backend.tests.test_iteration10_barbershop.TestBirthdayClients" name="test_birthdays_no_auth" time="0.108" /><testcase classname="backend.tests.test_iteration10_barbershop.TestBirthdayClients" name="test_birthdays_with_auth" time="0.596" /><testcase classname="backend.tests.test_iteration10_barbershop.TestClientsList" name="test_clients_no_auth" time="0.098" /><testcase classname="backend.tests.test_iteration10_barbershop.TestClientsList" name="test_clients_with_auth" time="0.728" /><testcase classname="backend.tests.test_iteration10_barbershop.TestAuthUpdatePhone" name="test_update_phone_no_auth" time="0.115" /><testcase classname="backend.tests.test_iteration10_barbershop.TestAuthUpdatePhone" name="test_update_phone_only" time="0.923" /><testcase classname="backend.tests.test_iteration10_barbershop.TestAuthUpdatePhone" name="test_update_phone_and_birth_date" time="0.973" /><testcase classname="backend.tests.test_iteration10_barbershop.TestAuthUpdatePhone" name="test_update_invalid_phone" time="0.556" /><testcase classname="backend.tests.test_iteration10_barbershop.TestAuthUpdatePhone" name="test_update_invalid_birth_date_format" time="0.546" /></testsuite></testsuites>