<?xml version="1.0" encoding="utf-8"?><testsuites name="pytest tests"><testsuite name="pytest" errors="0" failures="0" skipped="0" tests="19" time="6.180" timestamp="2026-04-22T13:25:34.355216+00:00" hostname="agent-env-bf96fa2b-b506-4011-bffa-c8358bd28745"><testcase classname="tests.test_iteration13_features.TestHealthCheck" name="test_health_returns_200" time="0.242" /><testcase classname="tests.test_iteration13_features.TestGoogleOAuthEndpoints" name="test_get_google_client_id_returns_clientid_field" time="0.120" /><testcase classname="tests.test_iteration13_features.TestGoogleOAuthEndpoints" name="test_google_auth_accepts_credential_returns_error_for_invalid" time="0.177" /><testcase classname="tests.test_iteration13_features.TestClientEndpoints" name="test_put_client_updates_info_with_barber_auth" time="0.546" /><testcase classname="tests.test_iteration13_features.TestClientEndpoints" name="test_put_client_requires_auth" time="0.112" /><testcase classname="tests.test_iteration13_features.TestClientEndpoints" name="test_put_client_not_found" time="0.521" /><testcase classname="tests.test_iteration13_features.TestFinancialReports" name="test_financial_summary_returns_data_with_barber_auth" time="0.761" /><testcase classname="tests.test_iteration13_features.TestFinancialReports" name="test_financial_summary_requires_auth" time="0.108" /><testcase classname="tests.test_iteration13_features.TestFinancialReports" name="test_financial_summary_requires_barber_role" time="0.497" /><testcase classname="tests.test_iteration13_features.TestMercadoPagoPayments" name="test_create_pix_returns_error_when_mp_token_not_set" time="0.513" /><testcase classname="tests.test_iteration13_features.TestMercadoPagoPayments" name="test_create_pix_requires_auth" time="0.103" /><testcase classname="tests.test_iteration13_features.TestMercadoPagoPayments" name="test_webhook_accepts_payload" time="0.111" /><testcase classname="tests.test_iteration13_features.TestMercadoPagoPayments" name="test_webhook_handles_invalid_json" time="0.153" /><testcase classname="tests.test_iteration13_features.TestWebClientServing" name="test_web_root_serves_html" time="0.110" /><testcase classname="tests.test_iteration13_features.TestWebClientServing" name="test_web_login_page_loads" time="0.110" /><testcase classname="tests.test_iteration13_features.TestWebClientServing" name="test_web_pix_page_loads" time="0.134" /><testcase classname="tests.test_iteration13_features.TestExistingEndpoints" name="test_auth_me_returns_user" time="0.494" /><testcase classname="tests.test_iteration13_features.TestExistingEndpoints" name="test_services_list" time="0.438" /><testcase classname="tests.test_iteration13_features.TestExistingEndpoints" name="test_clients_list" time="0.859" /></testsuite></testsuites>