<?xml version="1.0" encoding="utf-8"?><testsuites name="pytest tests"><testsuite name="pytest" errors="0" failures="0" skipped="0" tests="9" time="6.719" timestamp="2026-03-05T19:49:22.121675+00:00" hostname="agent-env-4af07664-e3b0-43b8-b673-823fc9b85e3d"><testcase classname="tests.test_new_features.TestHealthCheck" name="test_health_returns_200" time="0.155" /><testcase classname="tests.test_new_features.TestWhatsAppSettingsAuth" name="test_whatsapp_settings_requires_auth" time="0.059" /><testcase classname="tests.test_new_features.TestAppointmentsStatusFilter" name="test_appointments_status_filter_completed" time="1.512" /><testcase classname="tests.test_new_features.TestAppointmentsStatusFilter" name="test_appointments_status_filter_pending" time="0.486" /><testcase classname="tests.test_new_features.TestAppointmentsStatusFilter" name="test_appointments_returns_service_info" time="0.486" /><testcase classname="tests.test_new_features.TestCashRegister" name="test_cash_register_open" time="0.882" /><testcase classname="tests.test_new_features.TestCashRegister" name="test_cash_register_current_returns_product_totals" time="0.987" /><testcase classname="tests.test_new_features.TestCashRegister" name="test_cash_register_close_triggers_background_summary" time="1.693" /><testcase classname="tests.test_new_features.TestProductsList" name="test_products_list_no_auth" time="0.401" /></testsuite></testsuites>